Using pre-set license
Built from '2020.2/release' branch; Version is '2020.2.2f1 (068178b99f32) revision 426360'; Using compiler version '192528614'; Build Type 'Release'
OS: 'Windows 10 Home; OS build 19042.746; Version 2009; 64bit' Language: 'en' Physical Memory: 16321 MB
BatchMode: 1, IsHumanControllingUs: 0, StartBugReporterOnCrash: 0, Is64bit: 1, IsPro: 0

 COMMAND LINE ARGUMENTS:
C:\Program Files\Unity\Hub\Editor\2020.2.2f1\Editor\Unity.exe
-adb2
-batchMode
-noUpm
-name
AssetImportWorker0
-projectPath
F:/Projects/Ascension
-logFile
Logs/AssetImportWorker0.log
-srvPort
58428
Successfully changed project path to: F:/Projects/Ascension
F:/Projects/Ascension
Using Asset Import Pipeline V2.
Refreshing native plugins compatible for Editor in 20.97 ms, found 0 plugins.
Preloading 0 native plugins for Editor in 0.00 ms.
Initialize engine version: 2020.2.2f1 (068178b99f32)
[Subsystems] Discovering subsystems at path C:/Program Files/Unity/Hub/Editor/2020.2.2f1/Editor/Data/Resources/UnitySubsystems
[Subsystems] Discovering subsystems at path F:/Projects/Ascension/Assets
GfxDevice: creating device client; threaded=0
Direct3D:
    Version:  Direct3D 11.0 [level 11.1]
    Renderer: NVIDIA GeForce GTX 1070 (ID=0x1b81)
    Vendor:   
    VRAM:     8088 MB
    Driver:   27.21.14.6089
Initialize mono
Mono path[0] = 'C:/Program Files/Unity/Hub/Editor/2020.2.2f1/Editor/Data/Managed'
Mono path[1] = 'C:/Program Files/Unity/Hub/Editor/2020.2.2f1/Editor/Data/MonoBleedingEdge/lib/mono/unityjit'
Mono config path = 'C:/Program Files/Unity/Hub/Editor/2020.2.2f1/Editor/Data/MonoBleedingEdge/etc'
Using monoOptions --debugger-agent=transport=dt_socket,embedding=1,server=y,suspend=n,address=127.0.0.1:56160
Begin MonoManager ReloadAssembly
Registering precompiled unity dll's ...
Register platform support module: C:/Program Files/Unity/Hub/Editor/2020.2.2f1/Editor/Data/PlaybackEngines/WebGLSupport/UnityEditor.WebGL.Extensions.dll
Register platform support module: C:/Program Files/Unity/Hub/Editor/2020.2.2f1/Editor/Data/PlaybackEngines/WindowsStandaloneSupport/UnityEditor.WindowsStandalone.Extensions.dll
Registered in 0.002322 seconds.
Native extension for WindowsStandalone target not found
Native extension for WebGL target not found
Refreshing native plugins compatible for Editor in 23.88 ms, found 0 plugins.
Preloading 0 native plugins for Editor in 0.00 ms.
Invoked RoslynAnalysisRunner static constructor.
RoslynAnalysisRunner will not be running.
RoslynAnalysisRunner has terminated.
Mono: successfully reloaded assembly
- Completed reload, in  1.294 seconds
Platform modules already initialized, skipping
Registering precompiled user dll's ...
Registered in 0.000397 seconds.
Begin MonoManager ReloadAssembly
Native extension for WindowsStandalone target not found
Native extension for WebGL target not found
Refreshing native plugins compatible for Editor in 0.26 ms, found 0 plugins.
Preloading 0 native plugins for Editor in 0.00 ms.
Invoked RoslynAnalysisRunner static constructor.
RoslynAnalysisRunner will not be running.
RoslynAnalysisRunner has terminated.
Mono: successfully reloaded assembly
- Completed reload, in  0.860 seconds
Platform modules already initialized, skipping
========================================================================
Worker process is ready to serve import requests
Launched and connected shader compiler UnityShaderCompiler.exe after 0.04 seconds
Refreshing native plugins compatible for Editor in 0.32 ms, found 0 plugins.
Preloading 0 native plugins for Editor in 0.00 ms.
Unloading 1099 Unused Serialized files (Serialized files now loaded: 0)
System memory in use before: 56.5 MB.
System memory in use after: 56.5 MB.

Unloading 10 unused Assets to reduce memory usage. Loaded Objects now: 1540.
Total: 1.716700 ms (FindLiveObjects: 0.147900 ms CreateObjectMapping: 0.051500 ms MarkObjects: 1.439800 ms  DeleteObjects: 0.076100 ms)

========================================================================
Received Import Request.
  path: Assets/Scripts
  artifactKey: Guid(8bc039feac82bcb41b191286c6b04ece) Importer(815301076,1909f56bfc062723c751e8b465ee728b)
Start importing Assets/Scripts using Guid(8bc039feac82bcb41b191286c6b04ece) Importer(815301076,1909f56bfc062723c751e8b465ee728b)  -> (artifact id: '0af2d8759d0ed21466f9743601446f8c') in 0.007172 seconds
  Import took 0.009849 seconds .

========================================================================
Received Import Request.
  Time since last request: 0.570223 seconds.
  path: Assets/Scripts/Controller.cs
  artifactKey: Guid(b194e70a5d209ac4dbcc135b5a061d19) Importer(815301076,1909f56bfc062723c751e8b465ee728b)
Start importing Assets/Scripts/Controller.cs using Guid(b194e70a5d209ac4dbcc135b5a061d19) Importer(815301076,1909f56bfc062723c751e8b465ee728b)  -> (artifact id: '3dd702107fae0440c23085bb391de466') in 0.027280 seconds
  Import took 0.031388 seconds .

========================================================================
Received Import Request.
  Time since last request: 0.002491 seconds.
  path: Assets/Scripts/Controller.cs
  artifactKey: Guid(b194e70a5d209ac4dbcc135b5a061d19) Importer(815301076,1909f56bfc062723c751e8b465ee728b)
Start importing Assets/Scripts/Controller.cs using Guid(b194e70a5d209ac4dbcc135b5a061d19) Importer(815301076,1909f56bfc062723c751e8b465ee728b)  -> (artifact id: '3dd702107fae0440c23085bb391de466') in 0.002092 seconds
  Import took 0.004943 seconds .

========================================================================
Received Prepare
Registering precompiled user dll's ...
Registered in 0.000408 seconds.
Begin MonoManager ReloadAssembly
Native extension for WindowsStandalone target not found
Native extension for WebGL target not found
Refreshing native plugins compatible for Editor in 0.21 ms, found 0 plugins.
Preloading 0 native plugins for Editor in 0.00 ms.
Invoked RoslynAnalysisRunner static constructor.
RoslynAnalysisRunner will not be running.
RoslynAnalysisRunner has terminated.
Mono: successfully reloaded assembly
- Completed reload, in  0.864 seconds
Platform modules already initialized, skipping
Refreshing native plugins compatible for Editor in 0.18 ms, found 0 plugins.
Preloading 0 native plugins for Editor in 0.00 ms.
Unloading 1095 Unused Serialized files (Serialized files now loaded: 0)
System memory in use before: 56.6 MB.
System memory in use after: 56.6 MB.

Unloading 5 unused Assets to reduce memory usage. Loaded Objects now: 1543.
Total: 1.617400 ms (FindLiveObjects: 0.138100 ms CreateObjectMapping: 0.058600 ms MarkObjects: 1.376300 ms  DeleteObjects: 0.043700 ms)

========================================================================
Received Import Request.
  Time since last request: 30.086227 seconds.
  path: Assets/Scripts/Controller.cs
  artifactKey: Guid(b194e70a5d209ac4dbcc135b5a061d19) Importer(815301076,1909f56bfc062723c751e8b465ee728b)
Start importing Assets/Scripts/Controller.cs using Guid(b194e70a5d209ac4dbcc135b5a061d19) Importer(815301076,1909f56bfc062723c751e8b465ee728b)  -> (artifact id: '561feb6ea989fba6bafd564fdf7c3af6') in 0.008311 seconds
  Import took 0.010508 seconds .

========================================================================
Received Prepare
Registering precompiled user dll's ...
Registered in 0.000705 seconds.
Begin MonoManager ReloadAssembly
Native extension for WindowsStandalone target not found
Native extension for WebGL target not found
Refreshing native plugins compatible for Editor in 0.23 ms, found 0 plugins.
Preloading 0 native plugins for Editor in 0.00 ms.
Invoked RoslynAnalysisRunner static constructor.
RoslynAnalysisRunner will not be running.
RoslynAnalysisRunner has terminated.
Mono: successfully reloaded assembly
- Completed reload, in  0.898 seconds
Platform modules already initialized, skipping
Refreshing native plugins compatible for Editor in 0.18 ms, found 0 plugins.
Preloading 0 native plugins for Editor in 0.00 ms.
Unloading 1095 Unused Serialized files (Serialized files now loaded: 0)
System memory in use before: 56.7 MB.
System memory in use after: 56.7 MB.

Unloading 5 unused Assets to reduce memory usage. Loaded Objects now: 1545.
Total: 1.574500 ms (FindLiveObjects: 0.121200 ms CreateObjectMapping: 0.030800 ms MarkObjects: 1.361100 ms  DeleteObjects: 0.060200 ms)

========================================================================
Received Prepare
Registering precompiled user dll's ...
Registered in 0.000449 seconds.
Begin MonoManager ReloadAssembly
Native extension for WindowsStandalone target not found
Native extension for WebGL target not found
Refreshing native plugins compatible for Editor in 0.19 ms, found 0 plugins.
Preloading 0 native plugins for Editor in 0.00 ms.
Invoked RoslynAnalysisRunner static constructor.
RoslynAnalysisRunner will not be running.
RoslynAnalysisRunner has terminated.
Mono: successfully reloaded assembly
- Completed reload, in  0.831 seconds
Platform modules already initialized, skipping
Refreshing native plugins compatible for Editor in 0.23 ms, found 0 plugins.
Preloading 0 native plugins for Editor in 0.00 ms.
Unloading 1095 Unused Serialized files (Serialized files now loaded: 0)
System memory in use before: 56.7 MB.
System memory in use after: 56.8 MB.

Unloading 5 unused Assets to reduce memory usage. Loaded Objects now: 1547.
Total: 2.629500 ms (FindLiveObjects: 0.233200 ms CreateObjectMapping: 0.108300 ms MarkObjects: 2.233900 ms  DeleteObjects: 0.052800 ms)

========================================================================
Received Import Request.
  Time since last request: 13.194040 seconds.
  path: Assets/Scripts/ControllerManager.cs
  artifactKey: Guid(acc87f38a0f9c5e42a4db49ea6c4fd84) Importer(815301076,1909f56bfc062723c751e8b465ee728b)
Start importing Assets/Scripts/ControllerManager.cs using Guid(acc87f38a0f9c5e42a4db49ea6c4fd84) Importer(815301076,1909f56bfc062723c751e8b465ee728b)  -> (artifact id: '679758b9c3850956b4fac32fb7d30bd5') in 0.007619 seconds
  Import took 0.010641 seconds .

========================================================================
Received Import Request.
  Time since last request: 0.001805 seconds.
  path: Assets/Scripts/ControllerManager.cs
  artifactKey: Guid(acc87f38a0f9c5e42a4db49ea6c4fd84) Importer(815301076,1909f56bfc062723c751e8b465ee728b)
Start importing Assets/Scripts/ControllerManager.cs using Guid(acc87f38a0f9c5e42a4db49ea6c4fd84) Importer(815301076,1909f56bfc062723c751e8b465ee728b)  -> (artifact id: '679758b9c3850956b4fac32fb7d30bd5') in 0.002122 seconds
  Import took 0.004244 seconds .

========================================================================
Received Prepare
Registering precompiled user dll's ...
Registered in 0.000607 seconds.
Begin MonoManager ReloadAssembly
Native extension for WindowsStandalone target not found
Native extension for WebGL target not found
Refreshing native plugins compatible for Editor in 0.19 ms, found 0 plugins.
Preloading 0 native plugins for Editor in 0.00 ms.
Invoked RoslynAnalysisRunner static constructor.
RoslynAnalysisRunner will not be running.
RoslynAnalysisRunner has terminated.
Mono: successfully reloaded assembly
- Completed reload, in  0.860 seconds
Platform modules already initialized, skipping
Refreshing native plugins compatible for Editor in 0.29 ms, found 0 plugins.
Preloading 0 native plugins for Editor in 0.00 ms.
Unloading 1096 Unused Serialized files (Serialized files now loaded: 0)
System memory in use before: 56.8 MB.
System memory in use after: 56.9 MB.

Unloading 5 unused Assets to reduce memory usage. Loaded Objects now: 1550.
Total: 2.926800 ms (FindLiveObjects: 0.384300 ms CreateObjectMapping: 0.157300 ms MarkObjects: 2.318800 ms  DeleteObjects: 0.064600 ms)

========================================================================
Received Import Request.
  Time since last request: 13.477000 seconds.
  path: Assets/Scripts/ControllerManager.cs
  artifactKey: Guid(acc87f38a0f9c5e42a4db49ea6c4fd84) Importer(815301076,1909f56bfc062723c751e8b465ee728b)
Start importing Assets/Scripts/ControllerManager.cs using Guid(acc87f38a0f9c5e42a4db49ea6c4fd84) Importer(815301076,1909f56bfc062723c751e8b465ee728b)  -> (artifact id: 'ec857f6ab82e8088e1993be5e7065cbb') in 0.004913 seconds
  Import took 0.009488 seconds .

========================================================================
Received Prepare
Registering precompiled user dll's ...
Registered in 0.000470 seconds.
Begin MonoManager ReloadAssembly
Native extension for WindowsStandalone target not found
Native extension for WebGL target not found
Refreshing native plugins compatible for Editor in 0.28 ms, found 0 plugins.
Preloading 0 native plugins for Editor in 0.00 ms.
Invoked RoslynAnalysisRunner static constructor.
RoslynAnalysisRunner will not be running.
RoslynAnalysisRunner has terminated.
Mono: successfully reloaded assembly
- Completed reload, in  0.836 seconds
Platform modules already initialized, skipping
Refreshing native plugins compatible for Editor in 0.23 ms, found 0 plugins.
Preloading 0 native plugins for Editor in 0.00 ms.
Unloading 1096 Unused Serialized files (Serialized files now loaded: 0)
System memory in use before: 56.9 MB.
System memory in use after: 57.0 MB.

Unloading 5 unused Assets to reduce memory usage. Loaded Objects now: 1552.
Total: 2.588100 ms (FindLiveObjects: 0.247300 ms CreateObjectMapping: 0.109500 ms MarkObjects: 2.186400 ms  DeleteObjects: 0.043300 ms)

========================================================================
Received Prepare
Registering precompiled user dll's ...
Registered in 0.000400 seconds.
Begin MonoManager ReloadAssembly
Native extension for WindowsStandalone target not found
Native extension for WebGL target not found
Refreshing native plugins compatible for Editor in 0.21 ms, found 0 plugins.
Preloading 0 native plugins for Editor in 0.00 ms.
Invoked RoslynAnalysisRunner static constructor.
RoslynAnalysisRunner will not be running.
RoslynAnalysisRunner has terminated.
Mono: successfully reloaded assembly
- Completed reload, in  0.871 seconds
Platform modules already initialized, skipping
Refreshing native plugins compatible for Editor in 0.23 ms, found 0 plugins.
Preloading 0 native plugins for Editor in 0.00 ms.
Unloading 1096 Unused Serialized files (Serialized files now loaded: 0)
System memory in use before: 57.0 MB.
System memory in use after: 57.1 MB.

Unloading 5 unused Assets to reduce memory usage. Loaded Objects now: 1554.
Total: 1.574500 ms (FindLiveObjects: 0.126000 ms CreateObjectMapping: 0.052900 ms MarkObjects: 1.354300 ms  DeleteObjects: 0.040000 ms)

========================================================================
Received Prepare
Registering precompiled user dll's ...
Registered in 0.000579 seconds.
Begin MonoManager ReloadAssembly
Native extension for WindowsStandalone target not found
Native extension for WebGL target not found
Refreshing native plugins compatible for Editor in 0.34 ms, found 0 plugins.
Preloading 0 native plugins for Editor in 0.00 ms.
Invoked RoslynAnalysisRunner static constructor.
RoslynAnalysisRunner will not be running.
RoslynAnalysisRunner has terminated.
Mono: successfully reloaded assembly
- Completed reload, in  0.859 seconds
Platform modules already initialized, skipping
Refreshing native plugins compatible for Editor in 0.18 ms, found 0 plugins.
Preloading 0 native plugins for Editor in 0.00 ms.
Unloading 1096 Unused Serialized files (Serialized files now loaded: 0)
System memory in use before: 57.1 MB.
System memory in use after: 57.1 MB.

Unloading 5 unused Assets to reduce memory usage. Loaded Objects now: 1556.
Total: 1.535600 ms (FindLiveObjects: 0.174400 ms CreateObjectMapping: 0.036000 ms MarkObjects: 1.282300 ms  DeleteObjects: 0.041300 ms)

========================================================================
Received Prepare
Registering precompiled user dll's ...
Registered in 0.000496 seconds.
Begin MonoManager ReloadAssembly
Native extension for WindowsStandalone target not found
Native extension for WebGL target not found
Refreshing native plugins compatible for Editor in 0.26 ms, found 0 plugins.
Preloading 0 native plugins for Editor in 0.00 ms.
Invoked RoslynAnalysisRunner static constructor.
RoslynAnalysisRunner will not be running.
RoslynAnalysisRunner has terminated.
Mono: successfully reloaded assembly
- Completed reload, in  0.846 seconds
Platform modules already initialized, skipping
Refreshing native plugins compatible for Editor in 0.29 ms, found 0 plugins.
Preloading 0 native plugins for Editor in 0.00 ms.
Unloading 1096 Unused Serialized files (Serialized files now loaded: 0)
System memory in use before: 57.1 MB.
System memory in use after: 57.2 MB.

Unloading 5 unused Assets to reduce memory usage. Loaded Objects now: 1558.
Total: 1.866900 ms (FindLiveObjects: 0.112600 ms CreateObjectMapping: 0.031800 ms MarkObjects: 1.676100 ms  DeleteObjects: 0.045500 ms)

========================================================================
Received Prepare
Registering precompiled user dll's ...
Registered in 0.000443 seconds.
Begin MonoManager ReloadAssembly
Native extension for WindowsStandalone target not found
Native extension for WebGL target not found
Refreshing native plugins compatible for Editor in 0.21 ms, found 0 plugins.
Preloading 0 native plugins for Editor in 0.00 ms.
Invoked RoslynAnalysisRunner static constructor.
RoslynAnalysisRunner will not be running.
RoslynAnalysisRunner has terminated.
Mono: successfully reloaded assembly
- Completed reload, in  0.837 seconds
Platform modules already initialized, skipping
Refreshing native plugins compatible for Editor in 0.18 ms, found 0 plugins.
Preloading 0 native plugins for Editor in 0.00 ms.
Unloading 1096 Unused Serialized files (Serialized files now loaded: 0)
System memory in use before: 57.2 MB.
System memory in use after: 57.3 MB.

Unloading 5 unused Assets to reduce memory usage. Loaded Objects now: 1560.
Total: 1.481300 ms (FindLiveObjects: 0.167900 ms CreateObjectMapping: 0.048400 ms MarkObjects: 1.220000 ms  DeleteObjects: 0.043900 ms)

========================================================================
Received Prepare
Registering precompiled user dll's ...
Registered in 0.000443 seconds.
Begin MonoManager ReloadAssembly
Native extension for WindowsStandalone target not found
Native extension for WebGL target not found
Refreshing native plugins compatible for Editor in 0.19 ms, found 0 plugins.
Preloading 0 native plugins for Editor in 0.00 ms.
Invoked RoslynAnalysisRunner static constructor.
RoslynAnalysisRunner will not be running.
RoslynAnalysisRunner has terminated.
Mono: successfully reloaded assembly
- Completed reload, in  0.851 seconds
Platform modules already initialized, skipping
Refreshing native plugins compatible for Editor in 0.20 ms, found 0 plugins.
Preloading 0 native plugins for Editor in 0.00 ms.
Unloading 1096 Unused Serialized files (Serialized files now loaded: 0)
System memory in use before: 57.3 MB.
System memory in use after: 57.3 MB.

Unloading 5 unused Assets to reduce memory usage. Loaded Objects now: 1562.
Total: 1.682500 ms (FindLiveObjects: 0.177600 ms CreateObjectMapping: 0.066700 ms MarkObjects: 1.397700 ms  DeleteObjects: 0.039500 ms)

========================================================================
Received Prepare
Registering precompiled user dll's ...
Registered in 0.000526 seconds.
Begin MonoManager ReloadAssembly
Native extension for WindowsStandalone target not found
Native extension for WebGL target not found
Refreshing native plugins compatible for Editor in 0.24 ms, found 0 plugins.
Preloading 0 native plugins for Editor in 0.00 ms.
Invoked RoslynAnalysisRunner static constructor.
RoslynAnalysisRunner will not be running.
RoslynAnalysisRunner has terminated.
Mono: successfully reloaded assembly
- Completed reload, in  0.868 seconds
Platform modules already initialized, skipping
Refreshing native plugins compatible for Editor in 0.18 ms, found 0 plugins.
Preloading 0 native plugins for Editor in 0.00 ms.
Unloading 1096 Unused Serialized files (Serialized files now loaded: 0)
System memory in use before: 57.3 MB.
System memory in use after: 57.4 MB.

Unloading 5 unused Assets to reduce memory usage. Loaded Objects now: 1564.
Total: 1.955100 ms (FindLiveObjects: 0.302700 ms CreateObjectMapping: 0.094800 ms MarkObjects: 1.511600 ms  DeleteObjects: 0.044700 ms)

========================================================================
Received Import Request.
  Time since last request: 213.475466 seconds.
  path: Assets/Scripts/Player.cs
  artifactKey: Guid(1edcd02eee9b50e4e8e11c171a982b74) Importer(815301076,1909f56bfc062723c751e8b465ee728b)
Start importing Assets/Scripts/Player.cs using Guid(1edcd02eee9b50e4e8e11c171a982b74) Importer(815301076,1909f56bfc062723c751e8b465ee728b)  -> (artifact id: 'b57ca1f7e61235462b29ccf04809f5c2') in 0.007702 seconds
  Import took 0.009839 seconds .

========================================================================
Received Prepare
Registering precompiled user dll's ...
Registered in 0.000469 seconds.
Begin MonoManager ReloadAssembly
Native extension for WindowsStandalone target not found
Native extension for WebGL target not found
Refreshing native plugins compatible for Editor in 0.29 ms, found 0 plugins.
Preloading 0 native plugins for Editor in 0.00 ms.
Invoked RoslynAnalysisRunner static constructor.
RoslynAnalysisRunner will not be running.
RoslynAnalysisRunner has terminated.
Mono: successfully reloaded assembly
- Completed reload, in  0.810 seconds
Platform modules already initialized, skipping
Refreshing native plugins compatible for Editor in 0.29 ms, found 0 plugins.
Preloading 0 native plugins for Editor in 0.00 ms.
Unloading 1097 Unused Serialized files (Serialized files now loaded: 0)
System memory in use before: 57.4 MB.
System memory in use after: 57.5 MB.

Unloading 5 unused Assets to reduce memory usage. Loaded Objects now: 1567.
Total: 2.396700 ms (FindLiveObjects: 0.175800 ms CreateObjectMapping: 0.047900 ms MarkObjects: 2.063200 ms  DeleteObjects: 0.107300 ms)

========================================================================
Received Import Request.
  Time since last request: 55.191623 seconds.
  path: Assets/Scripts/Player.cs
  artifactKey: Guid(1edcd02eee9b50e4e8e11c171a982b74) Importer(815301076,1909f56bfc062723c751e8b465ee728b)
Start importing Assets/Scripts/Player.cs using Guid(1edcd02eee9b50e4e8e11c171a982b74) Importer(815301076,1909f56bfc062723c751e8b465ee728b)  -> (artifact id: '3b6a287669c81a5e8a6c4b173ad6ac09') in 0.003604 seconds
  Import took 0.005606 seconds .

========================================================================
Received Prepare
Registering precompiled user dll's ...
Registered in 0.000669 seconds.
Begin MonoManager ReloadAssembly
Native extension for WindowsStandalone target not found
Native extension for WebGL target not found
Refreshing native plugins compatible for Editor in 0.21 ms, found 0 plugins.
Preloading 0 native plugins for Editor in 0.00 ms.
Invoked RoslynAnalysisRunner static constructor.
RoslynAnalysisRunner will not be running.
RoslynAnalysisRunner has terminated.
Mono: successfully reloaded assembly
- Completed reload, in  0.827 seconds
Platform modules already initialized, skipping
Refreshing native plugins compatible for Editor in 0.21 ms, found 0 plugins.
Preloading 0 native plugins for Editor in 0.00 ms.
Unloading 1097 Unused Serialized files (Serialized files now loaded: 0)
System memory in use before: 57.5 MB.
System memory in use after: 57.6 MB.

Unloading 5 unused Assets to reduce memory usage. Loaded Objects now: 1569.
Total: 1.321600 ms (FindLiveObjects: 0.109100 ms CreateObjectMapping: 0.032600 ms MarkObjects: 1.130700 ms  DeleteObjects: 0.048600 ms)

========================================================================
Received Import Request.
  Time since last request: 26.689161 seconds.
  path: Assets/Scripts/Player.cs
  artifactKey: Guid(1edcd02eee9b50e4e8e11c171a982b74) Importer(815301076,1909f56bfc062723c751e8b465ee728b)
Start importing Assets/Scripts/Player.cs using Guid(1edcd02eee9b50e4e8e11c171a982b74) Importer(815301076,1909f56bfc062723c751e8b465ee728b)  -> (artifact id: 'dae6041cdf55005fde32be4ca78f845f') in 0.004181 seconds
  Import took 0.006845 seconds .

========================================================================
Received Prepare
Registering precompiled user dll's ...
Registered in 0.000447 seconds.
Begin MonoManager ReloadAssembly
Native extension for WindowsStandalone target not found
Native extension for WebGL target not found
Refreshing native plugins compatible for Editor in 0.18 ms, found 0 plugins.
Preloading 0 native plugins for Editor in 0.00 ms.
Invoked RoslynAnalysisRunner static constructor.
RoslynAnalysisRunner will not be running.
RoslynAnalysisRunner has terminated.
Mono: successfully reloaded assembly
- Completed reload, in  0.827 seconds
Platform modules already initialized, skipping
Refreshing native plugins compatible for Editor in 0.20 ms, found 0 plugins.
Preloading 0 native plugins for Editor in 0.00 ms.
Unloading 1097 Unused Serialized files (Serialized files now loaded: 0)
System memory in use before: 57.6 MB.
System memory in use after: 57.6 MB.

Unloading 5 unused Assets to reduce memory usage. Loaded Objects now: 1571.
Total: 1.434100 ms (FindLiveObjects: 0.105800 ms CreateObjectMapping: 0.033200 ms MarkObjects: 1.251500 ms  DeleteObjects: 0.042800 ms)

========================================================================
Received Import Request.
  Time since last request: 19.691953 seconds.
  path: Assets/Scripts/Player.cs
  artifactKey: Guid(1edcd02eee9b50e4e8e11c171a982b74) Importer(815301076,1909f56bfc062723c751e8b465ee728b)
Start importing Assets/Scripts/Player.cs using Guid(1edcd02eee9b50e4e8e11c171a982b74) Importer(815301076,1909f56bfc062723c751e8b465ee728b)  -> (artifact id: '3b5458f6ef9ea1c1d316adf71805132c') in 0.003830 seconds
  Import took 0.006564 seconds .

========================================================================
Received Prepare
Registering precompiled user dll's ...
Registered in 0.000429 seconds.
Begin MonoManager ReloadAssembly
Native extension for WindowsStandalone target not found
Native extension for WebGL target not found
Refreshing native plugins compatible for Editor in 0.40 ms, found 0 plugins.
Preloading 0 native plugins for Editor in 0.00 ms.
Invoked RoslynAnalysisRunner static constructor.
RoslynAnalysisRunner will not be running.
RoslynAnalysisRunner has terminated.
Mono: successfully reloaded assembly
- Completed reload, in  0.895 seconds
Platform modules already initialized, skipping
Refreshing native plugins compatible for Editor in 0.19 ms, found 0 plugins.
Preloading 0 native plugins for Editor in 0.00 ms.
Unloading 1097 Unused Serialized files (Serialized files now loaded: 0)
System memory in use before: 57.6 MB.
System memory in use after: 57.7 MB.

Unloading 5 unused Assets to reduce memory usage. Loaded Objects now: 1573.
Total: 2.374700 ms (FindLiveObjects: 0.331000 ms CreateObjectMapping: 0.070800 ms MarkObjects: 1.929400 ms  DeleteObjects: 0.042700 ms)

========================================================================
Received Import Request.
  Time since last request: 12.407765 seconds.
  path: Assets/Scripts/Player.cs
  artifactKey: Guid(1edcd02eee9b50e4e8e11c171a982b74) Importer(815301076,1909f56bfc062723c751e8b465ee728b)
Start importing Assets/Scripts/Player.cs using Guid(1edcd02eee9b50e4e8e11c171a982b74) Importer(815301076,1909f56bfc062723c751e8b465ee728b)  -> (artifact id: 'a3c2079ed5ab3aad870560a9d4005fd0') in 0.003921 seconds
  Import took 0.005953 seconds .

========================================================================
Received Prepare
Registering precompiled user dll's ...
Registered in 0.000446 seconds.
Begin MonoManager ReloadAssembly
Native extension for WindowsStandalone target not found
Native extension for WebGL target not found
Refreshing native plugins compatible for Editor in 0.60 ms, found 0 plugins.
Preloading 0 native plugins for Editor in 0.00 ms.
Invoked RoslynAnalysisRunner static constructor.
RoslynAnalysisRunner will not be running.
RoslynAnalysisRunner has terminated.
Mono: successfully reloaded assembly
- Completed reload, in  0.824 seconds
Platform modules already initialized, skipping
Refreshing native plugins compatible for Editor in 0.24 ms, found 0 plugins.
Preloading 0 native plugins for Editor in 0.00 ms.
Unloading 1097 Unused Serialized files (Serialized files now loaded: 0)
System memory in use before: 57.7 MB.
System memory in use after: 57.8 MB.

Unloading 5 unused Assets to reduce memory usage. Loaded Objects now: 1575.
Total: 1.387800 ms (FindLiveObjects: 0.119200 ms CreateObjectMapping: 0.031500 ms MarkObjects: 1.159900 ms  DeleteObjects: 0.076000 ms)

========================================================================
Received Import Request.
  Time since last request: 35.270581 seconds.
  path: Assets/Scripts/PlayerManager.cs
  artifactKey: Guid(24108ae03a6d9694fa53cccc9d77ab6a) Importer(815301076,1909f56bfc062723c751e8b465ee728b)
Start importing Assets/Scripts/PlayerManager.cs using Guid(24108ae03a6d9694fa53cccc9d77ab6a) Importer(815301076,1909f56bfc062723c751e8b465ee728b)  -> (artifact id: '6fffc53324eddbaa4d2f1de9b98d056e') in 0.008778 seconds
  Import took 0.011704 seconds .

========================================================================
Received Prepare
Registering precompiled user dll's ...
Registered in 0.000416 seconds.
Begin MonoManager ReloadAssembly
Native extension for WindowsStandalone target not found
Native extension for WebGL target not found
Refreshing native plugins compatible for Editor in 0.18 ms, found 0 plugins.
Preloading 0 native plugins for Editor in 0.00 ms.
Invoked RoslynAnalysisRunner static constructor.
RoslynAnalysisRunner will not be running.
RoslynAnalysisRunner has terminated.
Mono: successfully reloaded assembly
- Completed reload, in  0.782 seconds
Platform modules already initialized, skipping
Refreshing native plugins compatible for Editor in 0.18 ms, found 0 plugins.
Preloading 0 native plugins for Editor in 0.00 ms.
Unloading 1098 Unused Serialized files (Serialized files now loaded: 0)
System memory in use before: 57.8 MB.
System memory in use after: 57.9 MB.

Unloading 5 unused Assets to reduce memory usage. Loaded Objects now: 1578.
Total: 1.462400 ms (FindLiveObjects: 0.171600 ms CreateObjectMapping: 0.043200 ms MarkObjects: 1.203500 ms  DeleteObjects: 0.042900 ms)

========================================================================
Received Import Request.
  Time since last request: 11.481153 seconds.
  path: Assets/Scripts/PlayerManager.cs
  artifactKey: Guid(24108ae03a6d9694fa53cccc9d77ab6a) Importer(815301076,1909f56bfc062723c751e8b465ee728b)
Start importing Assets/Scripts/PlayerManager.cs using Guid(24108ae03a6d9694fa53cccc9d77ab6a) Importer(815301076,1909f56bfc062723c751e8b465ee728b)  -> (artifact id: 'f4261c6092b50baff2ee493cc991010a') in 0.005066 seconds
  Import took 0.007460 seconds .

========================================================================
Received Prepare
Registering precompiled user dll's ...
Registered in 0.000747 seconds.
Begin MonoManager ReloadAssembly
Native extension for WindowsStandalone target not found
Native extension for WebGL target not found
Refreshing native plugins compatible for Editor in 0.21 ms, found 0 plugins.
Preloading 0 native plugins for Editor in 0.00 ms.
Invoked RoslynAnalysisRunner static constructor.
RoslynAnalysisRunner will not be running.
RoslynAnalysisRunner has terminated.
Mono: successfully reloaded assembly
- Completed reload, in  0.882 seconds
Platform modules already initialized, skipping
Refreshing native plugins compatible for Editor in 0.20 ms, found 0 plugins.
Preloading 0 native plugins for Editor in 0.00 ms.
Unloading 1098 Unused Serialized files (Serialized files now loaded: 0)
System memory in use before: 57.9 MB.
System memory in use after: 58.0 MB.

Unloading 5 unused Assets to reduce memory usage. Loaded Objects now: 1580.
Total: 1.435200 ms (FindLiveObjects: 0.168300 ms CreateObjectMapping: 0.046900 ms MarkObjects: 1.173600 ms  DeleteObjects: 0.045400 ms)

========================================================================
Received Import Request.
  Time since last request: 13.149838 seconds.
  path: Assets/Scripts/PlayerManager.cs
  artifactKey: Guid(24108ae03a6d9694fa53cccc9d77ab6a) Importer(815301076,1909f56bfc062723c751e8b465ee728b)
Start importing Assets/Scripts/PlayerManager.cs using Guid(24108ae03a6d9694fa53cccc9d77ab6a) Importer(815301076,1909f56bfc062723c751e8b465ee728b)  -> (artifact id: '79692f718f4a30bc422786b41cc7740b') in 0.004967 seconds
  Import took 0.008437 seconds .

========================================================================
Received Import Request.
  Time since last request: 30.286077 seconds.
  path: Assets/Scripts/PlayerManager.cs
  artifactKey: Guid(24108ae03a6d9694fa53cccc9d77ab6a) Importer(815301076,1909f56bfc062723c751e8b465ee728b)
Start importing Assets/Scripts/PlayerManager.cs using Guid(24108ae03a6d9694fa53cccc9d77ab6a) Importer(815301076,1909f56bfc062723c751e8b465ee728b)  -> (artifact id: '311c7f885a98551bc2f48690da662c3d') in 0.001619 seconds
  Import took 0.003622 seconds .

========================================================================
Received Prepare
Registering precompiled user dll's ...
Registered in 0.000446 seconds.
Begin MonoManager ReloadAssembly
Native extension for WindowsStandalone target not found
Native extension for WebGL target not found
Refreshing native plugins compatible for Editor in 0.30 ms, found 0 plugins.
Preloading 0 native plugins for Editor in 0.00 ms.
Invoked RoslynAnalysisRunner static constructor.
RoslynAnalysisRunner will not be running.
RoslynAnalysisRunner has terminated.
Mono: successfully reloaded assembly
- Completed reload, in  0.807 seconds
Platform modules already initialized, skipping
Refreshing native plugins compatible for Editor in 0.19 ms, found 0 plugins.
Preloading 0 native plugins for Editor in 0.00 ms.
Unloading 1098 Unused Serialized files (Serialized files now loaded: 0)
System memory in use before: 58.0 MB.
System memory in use after: 58.0 MB.

Unloading 5 unused Assets to reduce memory usage. Loaded Objects now: 1582.
Total: 1.505300 ms (FindLiveObjects: 0.123100 ms CreateObjectMapping: 0.032100 ms MarkObjects: 1.301900 ms  DeleteObjects: 0.047200 ms)

========================================================================
Received Import Request.
  Time since last request: 55.676080 seconds.
  path: Assets/Scripts/PlayerManager.cs
  artifactKey: Guid(24108ae03a6d9694fa53cccc9d77ab6a) Importer(815301076,1909f56bfc062723c751e8b465ee728b)
Start importing Assets/Scripts/PlayerManager.cs using Guid(24108ae03a6d9694fa53cccc9d77ab6a) Importer(815301076,1909f56bfc062723c751e8b465ee728b)  -> (artifact id: 'f37638c0b5f1f7da53eb28b2c6427702') in 0.004641 seconds
  Import took 0.006699 seconds .

========================================================================
Received Prepare
Registering precompiled user dll's ...
Registered in 0.000603 seconds.
Begin MonoManager ReloadAssembly
Native extension for WindowsStandalone target not found
Native extension for WebGL target not found
Refreshing native plugins compatible for Editor in 0.19 ms, found 0 plugins.
Preloading 0 native plugins for Editor in 0.00 ms.
Invoked RoslynAnalysisRunner static constructor.
RoslynAnalysisRunner will not be running.
RoslynAnalysisRunner has terminated.
Mono: successfully reloaded assembly
- Completed reload, in  0.796 seconds
Platform modules already initialized, skipping
Refreshing native plugins compatible for Editor in 0.18 ms, found 0 plugins.
Preloading 0 native plugins for Editor in 0.00 ms.
Unloading 1098 Unused Serialized files (Serialized files now loaded: 0)
System memory in use before: 58.0 MB.
System memory in use after: 58.1 MB.

Unloading 5 unused Assets to reduce memory usage. Loaded Objects now: 1584.
Total: 1.452100 ms (FindLiveObjects: 0.102200 ms CreateObjectMapping: 0.032100 ms MarkObjects: 1.252100 ms  DeleteObjects: 0.064900 ms)

========================================================================
Received Import Request.
  Time since last request: 46.342397 seconds.
  path: Assets/Scripts/PlayerManager.cs
  artifactKey: Guid(24108ae03a6d9694fa53cccc9d77ab6a) Importer(815301076,1909f56bfc062723c751e8b465ee728b)
Start importing Assets/Scripts/PlayerManager.cs using Guid(24108ae03a6d9694fa53cccc9d77ab6a) Importer(815301076,1909f56bfc062723c751e8b465ee728b)  -> (artifact id: 'e1e83fe6a833ab1acd9baf78a090202e') in 0.003785 seconds
  Import took 0.005976 seconds .

========================================================================
Received Prepare
Registering precompiled user dll's ...
Registered in 0.000445 seconds.
Begin MonoManager ReloadAssembly
Native extension for WindowsStandalone target not found
Native extension for WebGL target not found
Refreshing native plugins compatible for Editor in 0.18 ms, found 0 plugins.
Preloading 0 native plugins for Editor in 0.00 ms.
Invoked RoslynAnalysisRunner static constructor.
RoslynAnalysisRunner will not be running.
RoslynAnalysisRunner has terminated.
Mono: successfully reloaded assembly
- Completed reload, in  0.810 seconds
Platform modules already initialized, skipping
Refreshing native plugins compatible for Editor in 0.18 ms, found 0 plugins.
Preloading 0 native plugins for Editor in 0.00 ms.
Unloading 1098 Unused Serialized files (Serialized files now loaded: 0)
System memory in use before: 58.1 MB.
System memory in use after: 58.2 MB.

Unloading 5 unused Assets to reduce memory usage. Loaded Objects now: 1586.
Total: 1.797200 ms (FindLiveObjects: 0.121700 ms CreateObjectMapping: 0.041100 ms MarkObjects: 1.548700 ms  DeleteObjects: 0.073800 ms)

========================================================================
Received Prepare
Registering precompiled user dll's ...
Registered in 0.000557 seconds.
Begin MonoManager ReloadAssembly
Native extension for WindowsStandalone target not found
Native extension for WebGL target not found
Refreshing native plugins compatible for Editor in 0.25 ms, found 0 plugins.
Preloading 0 native plugins for Editor in 0.00 ms.
Invoked RoslynAnalysisRunner static constructor.
RoslynAnalysisRunner will not be running.
RoslynAnalysisRunner has terminated.
Mono: successfully reloaded assembly
- Completed reload, in  0.859 seconds
Platform modules already initialized, skipping
Refreshing native plugins compatible for Editor in 0.18 ms, found 0 plugins.
Preloading 0 native plugins for Editor in 0.00 ms.
Unloading 1098 Unused Serialized files (Serialized files now loaded: 0)
System memory in use before: 58.2 MB.
System memory in use after: 58.2 MB.

Unloading 5 unused Assets to reduce memory usage. Loaded Objects now: 1588.
Total: 1.824400 ms (FindLiveObjects: 0.207000 ms CreateObjectMapping: 0.045900 ms MarkObjects: 1.498700 ms  DeleteObjects: 0.071700 ms)

========================================================================
Received Import Request.
  Time since last request: 163.909793 seconds.
  path: Assets/Scripts/PlayerManager.cs
  artifactKey: Guid(24108ae03a6d9694fa53cccc9d77ab6a) Importer(815301076,1909f56bfc062723c751e8b465ee728b)
Start importing Assets/Scripts/PlayerManager.cs using Guid(24108ae03a6d9694fa53cccc9d77ab6a) Importer(815301076,1909f56bfc062723c751e8b465ee728b)  -> (artifact id: '7703d7ae40bba93b830ce390bd3ad87a') in 0.004219 seconds
  Import took 0.006141 seconds .

========================================================================
Received Prepare
Registering precompiled user dll's ...
Registered in 0.000479 seconds.
Begin MonoManager ReloadAssembly
Native extension for WindowsStandalone target not found
Native extension for WebGL target not found
Refreshing native plugins compatible for Editor in 0.29 ms, found 0 plugins.
Preloading 0 native plugins for Editor in 0.00 ms.
Invoked RoslynAnalysisRunner static constructor.
RoslynAnalysisRunner will not be running.
RoslynAnalysisRunner has terminated.
Mono: successfully reloaded assembly
- Completed reload, in  0.844 seconds
Platform modules already initialized, skipping
Refreshing native plugins compatible for Editor in 0.25 ms, found 0 plugins.
Preloading 0 native plugins for Editor in 0.00 ms.
Unloading 1098 Unused Serialized files (Serialized files now loaded: 0)
System memory in use before: 58.2 MB.
System memory in use after: 58.3 MB.

Unloading 5 unused Assets to reduce memory usage. Loaded Objects now: 1590.
Total: 1.569900 ms (FindLiveObjects: 0.112600 ms CreateObjectMapping: 0.042300 ms MarkObjects: 1.372200 ms  DeleteObjects: 0.041800 ms)

========================================================================
Received Prepare
Registering precompiled user dll's ...
Registered in 0.000474 seconds.
Begin MonoManager ReloadAssembly
Native extension for WindowsStandalone target not found
Native extension for WebGL target not found
Refreshing native plugins compatible for Editor in 0.19 ms, found 0 plugins.
Preloading 0 native plugins for Editor in 0.00 ms.
Invoked RoslynAnalysisRunner static constructor.
RoslynAnalysisRunner will not be running.
RoslynAnalysisRunner has terminated.
Mono: successfully reloaded assembly
- Completed reload, in  0.816 seconds
Platform modules already initialized, skipping
Refreshing native plugins compatible for Editor in 0.20 ms, found 0 plugins.
Preloading 0 native plugins for Editor in 0.00 ms.
Unloading 1098 Unused Serialized files (Serialized files now loaded: 0)
System memory in use before: 58.3 MB.
System memory in use after: 58.4 MB.

Unloading 5 unused Assets to reduce memory usage. Loaded Objects now: 1592.
Total: 1.612900 ms (FindLiveObjects: 0.120700 ms CreateObjectMapping: 0.033300 ms MarkObjects: 1.418800 ms  DeleteObjects: 0.039100 ms)

========================================================================
Received Prepare
Registering precompiled user dll's ...
Registered in 0.001271 seconds.
Begin MonoManager ReloadAssembly
Native extension for WindowsStandalone target not found
Native extension for WebGL target not found
Refreshing native plugins compatible for Editor in 0.44 ms, found 0 plugins.
Preloading 0 native plugins for Editor in 0.00 ms.
Invoked RoslynAnalysisRunner static constructor.
RoslynAnalysisRunner will not be running.
RoslynAnalysisRunner has terminated.
Mono: successfully reloaded assembly
- Completed reload, in  0.889 seconds
Platform modules already initialized, skipping
Refreshing native plugins compatible for Editor in 0.18 ms, found 0 plugins.
Preloading 0 native plugins for Editor in 0.00 ms.
Unloading 1098 Unused Serialized files (Serialized files now loaded: 0)
System memory in use before: 58.4 MB.
System memory in use after: 58.5 MB.

Unloading 5 unused Assets to reduce memory usage. Loaded Objects now: 1594.
Total: 1.520000 ms (FindLiveObjects: 0.179800 ms CreateObjectMapping: 0.048000 ms MarkObjects: 1.245500 ms  DeleteObjects: 0.045600 ms)

========================================================================
Received Prepare
Registering precompiled user dll's ...
Registered in 0.000613 seconds.
Begin MonoManager ReloadAssembly
Native extension for WindowsStandalone target not found
Native extension for WebGL target not found
Refreshing native plugins compatible for Editor in 0.27 ms, found 0 plugins.
Preloading 0 native plugins for Editor in 0.00 ms.
Invoked RoslynAnalysisRunner static constructor.
RoslynAnalysisRunner will not be running.
RoslynAnalysisRunner has terminated.
Mono: successfully reloaded assembly
- Completed reload, in  0.820 seconds
Platform modules already initialized, skipping
Refreshing native plugins compatible for Editor in 0.18 ms, found 0 plugins.
Preloading 0 native plugins for Editor in 0.00 ms.
Unloading 1098 Unused Serialized files (Serialized files now loaded: 0)
System memory in use before: 58.5 MB.
System memory in use after: 58.5 MB.

Unloading 5 unused Assets to reduce memory usage. Loaded Objects now: 1596.
Total: 1.367700 ms (FindLiveObjects: 0.137400 ms CreateObjectMapping: 0.032300 ms MarkObjects: 1.150700 ms  DeleteObjects: 0.046400 ms)

========================================================================
Received Prepare
Registering precompiled user dll's ...
Registered in 0.000638 seconds.
Begin MonoManager ReloadAssembly
Native extension for WindowsStandalone target not found
Native extension for WebGL target not found
Refreshing native plugins compatible for Editor in 0.18 ms, found 0 plugins.
Preloading 0 native plugins for Editor in 0.00 ms.
Invoked RoslynAnalysisRunner static constructor.
RoslynAnalysisRunner will not be running.
RoslynAnalysisRunner has terminated.
Mono: successfully reloaded assembly
- Completed reload, in  0.809 seconds
Platform modules already initialized, skipping
Refreshing native plugins compatible for Editor in 0.20 ms, found 0 plugins.
Preloading 0 native plugins for Editor in 0.00 ms.
Unloading 1098 Unused Serialized files (Serialized files now loaded: 0)
System memory in use before: 58.5 MB.
System memory in use after: 58.6 MB.

Unloading 5 unused Assets to reduce memory usage. Loaded Objects now: 1598.
Total: 2.046700 ms (FindLiveObjects: 0.217500 ms CreateObjectMapping: 0.093900 ms MarkObjects: 1.692300 ms  DeleteObjects: 0.041800 ms)

========================================================================
Received Prepare
Registering precompiled user dll's ...
Registered in 0.000466 seconds.
Begin MonoManager ReloadAssembly
Native extension for WindowsStandalone target not found
Native extension for WebGL target not found
Refreshing native plugins compatible for Editor in 0.20 ms, found 0 plugins.
Preloading 0 native plugins for Editor in 0.00 ms.
Invoked RoslynAnalysisRunner static constructor.
RoslynAnalysisRunner will not be running.
RoslynAnalysisRunner has terminated.
Mono: successfully reloaded assembly
- Completed reload, in  0.808 seconds
Platform modules already initialized, skipping
Refreshing native plugins compatible for Editor in 0.18 ms, found 0 plugins.
Preloading 0 native plugins for Editor in 0.00 ms.
Unloading 1098 Unused Serialized files (Serialized files now loaded: 0)
System memory in use before: 58.6 MB.
System memory in use after: 58.7 MB.

Unloading 5 unused Assets to reduce memory usage. Loaded Objects now: 1600.
Total: 1.698100 ms (FindLiveObjects: 0.205800 ms CreateObjectMapping: 0.053600 ms MarkObjects: 1.387200 ms  DeleteObjects: 0.050700 ms)

========================================================================
Received Prepare
Registering precompiled user dll's ...
Registered in 0.000503 seconds.
Begin MonoManager ReloadAssembly
Native extension for WindowsStandalone target not found
Native extension for WebGL target not found
Refreshing native plugins compatible for Editor in 0.20 ms, found 0 plugins.
Preloading 0 native plugins for Editor in 0.00 ms.
Invoked RoslynAnalysisRunner static constructor.
RoslynAnalysisRunner will not be running.
RoslynAnalysisRunner has terminated.
Mono: successfully reloaded assembly
- Completed reload, in  0.811 seconds
Platform modules already initialized, skipping
Refreshing native plugins compatible for Editor in 0.37 ms, found 0 plugins.
Preloading 0 native plugins for Editor in 0.00 ms.
Unloading 1098 Unused Serialized files (Serialized files now loaded: 0)
System memory in use before: 58.6 MB.
System memory in use after: 58.7 MB.

Unloading 5 unused Assets to reduce memory usage. Loaded Objects now: 1602.
Total: 1.573500 ms (FindLiveObjects: 0.114400 ms CreateObjectMapping: 0.042700 ms MarkObjects: 1.365900 ms  DeleteObjects: 0.049700 ms)

========================================================================
Received Prepare
Registering precompiled user dll's ...
Registered in 0.000450 seconds.
Begin MonoManager ReloadAssembly
Native extension for WindowsStandalone target not found
Native extension for WebGL target not found
Refreshing native plugins compatible for Editor in 0.20 ms, found 0 plugins.
Preloading 0 native plugins for Editor in 0.00 ms.
Invoked RoslynAnalysisRunner static constructor.
RoslynAnalysisRunner will not be running.
RoslynAnalysisRunner has terminated.
Mono: successfully reloaded assembly
- Completed reload, in  0.842 seconds
Platform modules already initialized, skipping
Refreshing native plugins compatible for Editor in 0.19 ms, found 0 plugins.
Preloading 0 native plugins for Editor in 0.00 ms.
Unloading 1098 Unused Serialized files (Serialized files now loaded: 0)
System memory in use before: 57.7 MB.
System memory in use after: 57.8 MB.

Unloading 5 unused Assets to reduce memory usage. Loaded Objects now: 1604.
Total: 1.658000 ms (FindLiveObjects: 0.113100 ms CreateObjectMapping: 0.033700 ms MarkObjects: 1.468000 ms  DeleteObjects: 0.042600 ms)

========================================================================
Received Prepare
Registering precompiled user dll's ...
Registered in 0.000476 seconds.
Begin MonoManager ReloadAssembly
Native extension for WindowsStandalone target not found
Native extension for WebGL target not found
Refreshing native plugins compatible for Editor in 0.25 ms, found 0 plugins.
Preloading 0 native plugins for Editor in 0.00 ms.
Invoked RoslynAnalysisRunner static constructor.
RoslynAnalysisRunner will not be running.
RoslynAnalysisRunner has terminated.
Mono: successfully reloaded assembly
- Completed reload, in  0.800 seconds
Platform modules already initialized, skipping
Refreshing native plugins compatible for Editor in 0.20 ms, found 0 plugins.
Preloading 0 native plugins for Editor in 0.00 ms.
Unloading 1098 Unused Serialized files (Serialized files now loaded: 0)
System memory in use before: 57.8 MB.
System memory in use after: 57.9 MB.

Unloading 5 unused Assets to reduce memory usage. Loaded Objects now: 1606.
Total: 1.790600 ms (FindLiveObjects: 0.223200 ms CreateObjectMapping: 0.088200 ms MarkObjects: 1.428500 ms  DeleteObjects: 0.049700 ms)

========================================================================
Received Prepare
Registering precompiled user dll's ...
Registered in 0.000421 seconds.
Begin MonoManager ReloadAssembly
Native extension for WindowsStandalone target not found
Native extension for WebGL target not found
Refreshing native plugins compatible for Editor in 0.23 ms, found 0 plugins.
Preloading 0 native plugins for Editor in 0.00 ms.
Invoked RoslynAnalysisRunner static constructor.
RoslynAnalysisRunner will not be running.
RoslynAnalysisRunner has terminated.
Mono: successfully reloaded assembly
- Completed reload, in  0.827 seconds
Platform modules already initialized, skipping
Refreshing native plugins compatible for Editor in 0.22 ms, found 0 plugins.
Preloading 0 native plugins for Editor in 0.00 ms.
Unloading 1145 Unused Serialized files (Serialized files now loaded: 0)
System memory in use before: 60.5 MB.
System memory in use after: 60.0 MB.

Unloading 18 unused Assets to reduce memory usage. Loaded Objects now: 1642.
Total: 2.279000 ms (FindLiveObjects: 0.321100 ms CreateObjectMapping: 0.110900 ms MarkObjects: 1.519700 ms  DeleteObjects: 0.325800 ms)

========================================================================
Received Import Request.
  Time since last request: 437.583903 seconds.
  path: Assets
  artifactKey: Guid(00000000000000001000000000000000) Importer(815301076,1909f56bfc062723c751e8b465ee728b)
Start importing Assets using Guid(00000000000000001000000000000000) Importer(815301076,1909f56bfc062723c751e8b465ee728b)  -> (artifact id: '4a6e520b92ccfc61bcfa21a7bcab8468') in 0.008903 seconds
  Import took 0.011067 seconds .

========================================================================
Received Import Request.
  Time since last request: 3.164195 seconds.
  path: Assets/Art
  artifactKey: Guid(be48c4ded94b52b40a644cdec9d09d0c) Importer(815301076,1909f56bfc062723c751e8b465ee728b)
Start importing Assets/Art using Guid(be48c4ded94b52b40a644cdec9d09d0c) Importer(815301076,1909f56bfc062723c751e8b465ee728b)  -> (artifact id: '07555e0ba92474c29e1eb4c378f92b5c') in 0.005582 seconds
  Import took 0.007565 seconds .

========================================================================
Received Import Request.
  Time since last request: 3.464222 seconds.
  path: Assets/Art/Fonts
  artifactKey: Guid(cb3d8115a18d49a4391ede3d6ac89f6d) Importer(815301076,1909f56bfc062723c751e8b465ee728b)
Start importing Assets/Art/Fonts using Guid(cb3d8115a18d49a4391ede3d6ac89f6d) Importer(815301076,1909f56bfc062723c751e8b465ee728b)  -> (artifact id: '59174233aa85dacdd3d1d3fbffdc3e12') in 0.006281 seconds
  Import took 0.008242 seconds .

========================================================================
Received Import Request.
  Time since last request: 24.252050 seconds.
  path: Assets/Art/Fonts/InputMono-Black.ttf
  artifactKey: Guid(29100d365a16a1c409ab3d37082b6fb8) Importer(815301076,1909f56bfc062723c751e8b465ee728b)
Start importing Assets/Art/Fonts/InputMono-Black.ttf using Guid(29100d365a16a1c409ab3d37082b6fb8) Importer(815301076,1909f56bfc062723c751e8b465ee728b)  -> (artifact id: 'e82ba2c79720b335712fc1afa03c62d5') in 0.106390 seconds
  Import took 0.108460 seconds .

========================================================================
Received Import Request.
  Time since last request: 3.041631 seconds.
  path: Assets/Art/Fonts/InputMono-Black SDF.asset
  artifactKey: Guid(497af2a65228cfa46a91fbff31ec63ef) Importer(815301076,1909f56bfc062723c751e8b465ee728b)
Start importing Assets/Art/Fonts/InputMono-Black SDF.asset using Guid(497af2a65228cfa46a91fbff31ec63ef) Importer(815301076,1909f56bfc062723c751e8b465ee728b)  -> (artifact id: '0fc72468220852ba71eaf9a171f24fac') in 0.118159 seconds
  Import took 0.120430 seconds .

========================================================================
Received Import Request.
  Time since last request: 127.243267 seconds.
  path: Assets/Scripts/PlayerManager.cs
  artifactKey: Guid(24108ae03a6d9694fa53cccc9d77ab6a) Importer(815301076,1909f56bfc062723c751e8b465ee728b)
Start importing Assets/Scripts/PlayerManager.cs using Guid(24108ae03a6d9694fa53cccc9d77ab6a) Importer(815301076,1909f56bfc062723c751e8b465ee728b)  -> (artifact id: '42a7c7d3c845764f26692f2b3da6b732') in 0.006788 seconds
  Import took 0.008928 seconds .

========================================================================
Received Import Request.
  Time since last request: 3.492797 seconds.
  path: Assets/Scripts/UI
  artifactKey: Guid(6fe6af8ad7a782447b60fd3ec06228d8) Importer(815301076,1909f56bfc062723c751e8b465ee728b)
Start importing Assets/Scripts/UI using Guid(6fe6af8ad7a782447b60fd3ec06228d8) Importer(815301076,1909f56bfc062723c751e8b465ee728b)  -> (artifact id: 'ff30459be69a0c6fbfda9beac58b9105') in 0.006746 seconds
  Import took 0.009322 seconds .

========================================================================
Received Import Request.
  Time since last request: 9.486545 seconds.
  path: Assets/Scripts/UI/UIPlayerText.cs
  artifactKey: Guid(5b3aed20b2d616a49ae9be6a4b134972) Importer(815301076,1909f56bfc062723c751e8b465ee728b)
Start importing Assets/Scripts/UI/UIPlayerText.cs using Guid(5b3aed20b2d616a49ae9be6a4b134972) Importer(815301076,1909f56bfc062723c751e8b465ee728b)  -> (artifact id: 'ff97cbc581abd6603efb8c017b5b0675') in 0.007535 seconds
  Import took 0.010830 seconds .

========================================================================
Received Prepare
Registering precompiled user dll's ...
Registered in 0.000470 seconds.
Begin MonoManager ReloadAssembly
Native extension for WindowsStandalone target not found
Native extension for WebGL target not found
Refreshing native plugins compatible for Editor in 0.23 ms, found 0 plugins.
Preloading 0 native plugins for Editor in 0.00 ms.
Invoked RoslynAnalysisRunner static constructor.
RoslynAnalysisRunner will not be running.
RoslynAnalysisRunner has terminated.
Mono: successfully reloaded assembly
- Completed reload, in  0.834 seconds
Platform modules already initialized, skipping
Refreshing native plugins compatible for Editor in 0.34 ms, found 0 plugins.
Preloading 0 native plugins for Editor in 0.00 ms.
Unloading 1146 Unused Serialized files (Serialized files now loaded: 0)
System memory in use before: 64.1 MB.
System memory in use after: 63.7 MB.

Unloading 16 unused Assets to reduce memory usage. Loaded Objects now: 1691.
Total: 2.861000 ms (FindLiveObjects: 0.280200 ms CreateObjectMapping: 0.095700 ms MarkObjects: 2.111400 ms  DeleteObjects: 0.371800 ms)

========================================================================
Received Prepare
Registering precompiled user dll's ...
Registered in 0.000547 seconds.
Begin MonoManager ReloadAssembly
Native extension for WindowsStandalone target not found
Native extension for WebGL target not found
Refreshing native plugins compatible for Editor in 0.19 ms, found 0 plugins.
Preloading 0 native plugins for Editor in 0.00 ms.
Invoked RoslynAnalysisRunner static constructor.
RoslynAnalysisRunner will not be running.
RoslynAnalysisRunner has terminated.
Mono: successfully reloaded assembly
- Completed reload, in  0.776 seconds
Platform modules already initialized, skipping
Refreshing native plugins compatible for Editor in 0.24 ms, found 0 plugins.
Preloading 0 native plugins for Editor in 0.00 ms.
Unloading 1144 Unused Serialized files (Serialized files now loaded: 0)
System memory in use before: 64.1 MB.
System memory in use after: 63.7 MB.

Unloading 16 unused Assets to reduce memory usage. Loaded Objects now: 1693.
Total: 1.737100 ms (FindLiveObjects: 0.141500 ms CreateObjectMapping: 0.033500 ms MarkObjects: 1.306500 ms  DeleteObjects: 0.254600 ms)

========================================================================
Received Prepare
Registering precompiled user dll's ...
Registered in 0.000559 seconds.
Begin MonoManager ReloadAssembly
Native extension for WindowsStandalone target not found
Native extension for WebGL target not found
Refreshing native plugins compatible for Editor in 0.22 ms, found 0 plugins.
Preloading 0 native plugins for Editor in 0.00 ms.
Invoked RoslynAnalysisRunner static constructor.
RoslynAnalysisRunner will not be running.
RoslynAnalysisRunner has terminated.
Mono: successfully reloaded assembly
- Completed reload, in  0.827 seconds
Platform modules already initialized, skipping
Refreshing native plugins compatible for Editor in 0.20 ms, found 0 plugins.
Preloading 0 native plugins for Editor in 0.00 ms.
Unloading 1144 Unused Serialized files (Serialized files now loaded: 0)
System memory in use before: 64.2 MB.
System memory in use after: 63.7 MB.

Unloading 16 unused Assets to reduce memory usage. Loaded Objects now: 1695.
Total: 1.674100 ms (FindLiveObjects: 0.131100 ms CreateObjectMapping: 0.039400 ms MarkObjects: 1.242900 ms  DeleteObjects: 0.259800 ms)

========================================================================
Received Prepare
Registering precompiled user dll's ...
Registered in 0.000442 seconds.
Begin MonoManager ReloadAssembly
Native extension for WindowsStandalone target not found
Native extension for WebGL target not found
Refreshing native plugins compatible for Editor in 0.20 ms, found 0 plugins.
Preloading 0 native plugins for Editor in 0.00 ms.
Invoked RoslynAnalysisRunner static constructor.
RoslynAnalysisRunner will not be running.
RoslynAnalysisRunner has terminated.
Mono: successfully reloaded assembly
- Completed reload, in  0.834 seconds
Platform modules already initialized, skipping
Refreshing native plugins compatible for Editor in 0.23 ms, found 0 plugins.
Preloading 0 native plugins for Editor in 0.00 ms.
Unloading 1144 Unused Serialized files (Serialized files now loaded: 0)
System memory in use before: 64.2 MB.
System memory in use after: 63.8 MB.

Unloading 16 unused Assets to reduce memory usage. Loaded Objects now: 1697.
Total: 1.649100 ms (FindLiveObjects: 0.132600 ms CreateObjectMapping: 0.044800 ms MarkObjects: 1.214400 ms  DeleteObjects: 0.256400 ms)

========================================================================
Received Prepare
Registering precompiled user dll's ...
Registered in 0.000472 seconds.
Begin MonoManager ReloadAssembly
Native extension for WindowsStandalone target not found
Native extension for WebGL target not found
Refreshing native plugins compatible for Editor in 0.23 ms, found 0 plugins.
Preloading 0 native plugins for Editor in 0.00 ms.
Invoked RoslynAnalysisRunner static constructor.
RoslynAnalysisRunner will not be running.
RoslynAnalysisRunner has terminated.
Mono: successfully reloaded assembly
- Completed reload, in  0.854 seconds
Platform modules already initialized, skipping
Refreshing native plugins compatible for Editor in 0.22 ms, found 0 plugins.
Preloading 0 native plugins for Editor in 0.00 ms.
Unloading 1144 Unused Serialized files (Serialized files now loaded: 0)
System memory in use before: 64.3 MB.
System memory in use after: 63.9 MB.

Unloading 16 unused Assets to reduce memory usage. Loaded Objects now: 1699.
Total: 2.050700 ms (FindLiveObjects: 0.169200 ms CreateObjectMapping: 0.036000 ms MarkObjects: 1.488700 ms  DeleteObjects: 0.355700 ms)

========================================================================
Received Import Request.
  Time since last request: 499.502368 seconds.
  path: Assets/Prefabs
  artifactKey: Guid(739c64b79d008224e9d9a8505e847196) Importer(815301076,1909f56bfc062723c751e8b465ee728b)
Start importing Assets/Prefabs using Guid(739c64b79d008224e9d9a8505e847196) Importer(815301076,1909f56bfc062723c751e8b465ee728b)  -> (artifact id: '3f3f903314d15fa24a22e32b41b201ee') in 0.007718 seconds
  Import took 0.009725 seconds .

========================================================================
Received Import Request.
  Time since last request: 5.029410 seconds.
  path: Assets/Prefabs/Player1.prefab
  artifactKey: Guid(2da033af75efb8c4a9821070a3c1d0d7) Importer(815301076,1909f56bfc062723c751e8b465ee728b)
Start importing Assets/Prefabs/Player1.prefab using Guid(2da033af75efb8c4a9821070a3c1d0d7) Importer(815301076,1909f56bfc062723c751e8b465ee728b)  -> (artifact id: '2ccabab63f0fa695b4fda5191c3dcf75') in 0.077139 seconds
  Import took 0.079564 seconds .

========================================================================
Received Import Request.
  Time since last request: 6.693200 seconds.
  path: Assets/Prefabs/Player.prefab
  artifactKey: Guid(2da033af75efb8c4a9821070a3c1d0d7) Importer(815301076,1909f56bfc062723c751e8b465ee728b)
Start importing Assets/Prefabs/Player.prefab using Guid(2da033af75efb8c4a9821070a3c1d0d7) Importer(815301076,1909f56bfc062723c751e8b465ee728b)  -> (artifact id: '47d5e4723a20db7fcb2928fc234be2bf') in 0.016100 seconds
  Import took 0.019383 seconds .

========================================================================
Received Import Request.
  Time since last request: 0.003191 seconds.
  path: Assets/Prefabs/Player.prefab
  artifactKey: Guid(2da033af75efb8c4a9821070a3c1d0d7) Importer(815301076,1909f56bfc062723c751e8b465ee728b)
Start importing Assets/Prefabs/Player.prefab using Guid(2da033af75efb8c4a9821070a3c1d0d7) Importer(815301076,1909f56bfc062723c751e8b465ee728b)  -> (artifact id: '47d5e4723a20db7fcb2928fc234be2bf') in 0.010322 seconds
  Import took 0.013242 seconds .

========================================================================
Received Prepare
Registering precompiled user dll's ...
Registered in 0.000404 seconds.
Begin MonoManager ReloadAssembly
Native extension for WindowsStandalone target not found
Native extension for WebGL target not found
Refreshing native plugins compatible for Editor in 0.20 ms, found 0 plugins.
Preloading 0 native plugins for Editor in 0.00 ms.
Invoked RoslynAnalysisRunner static constructor.
RoslynAnalysisRunner will not be running.
RoslynAnalysisRunner has terminated.
Mono: successfully reloaded assembly
- Completed reload, in  0.810 seconds
Platform modules already initialized, skipping
Refreshing native plugins compatible for Editor in 0.20 ms, found 0 plugins.
Preloading 0 native plugins for Editor in 0.00 ms.
Unloading 1144 Unused Serialized files (Serialized files now loaded: 0)
System memory in use before: 64.4 MB.
System memory in use after: 64.0 MB.

Unloading 16 unused Assets to reduce memory usage. Loaded Objects now: 1701.
Total: 1.774600 ms (FindLiveObjects: 0.122600 ms CreateObjectMapping: 0.043000 ms MarkObjects: 1.348800 ms  DeleteObjects: 0.259500 ms)

========================================================================
Received Import Request.
  Time since last request: 366.593950 seconds.
  path: Assets/Scripts/Player.cs
  artifactKey: Guid(1edcd02eee9b50e4e8e11c171a982b74) Importer(815301076,1909f56bfc062723c751e8b465ee728b)
Start importing Assets/Scripts/Player.cs using Guid(1edcd02eee9b50e4e8e11c171a982b74) Importer(815301076,1909f56bfc062723c751e8b465ee728b)  -> (artifact id: 'e32cbd131e845151a4eb390e37a6da69') in 0.007633 seconds
  Import took 0.010039 seconds .

